[2025-May-29 19:45:13.459 +05:30][25341:25341][info ] Logging initialized
[2025-May-29 19:45:13.459 +05:30][25341:25341][info ] Initializing krisp SDK...
[2025-May-29 19:45:13.459 +05:30][25341:25341][info ] DoKrispInitialize
[2025-May-29 19:45:14.277 +05:30][25341:25341][info ] LoadDynamicKrisp
[2025-May-29 19:45:14.277 +05:30][25341:25341][info ] Did not find KRISP_DYLIB_PATH, skipping dynamic loading
[2025-May-29 19:45:14.277 +05:30][25341:25341][info ] Initializing Krisp SDK in PID 25341, addr 0x7f731fd8c820
[2025-May-29 19:45:14.644 +05:30][25341:25341][info ] Initialized Krisp SDK successfully
[2025-May-29 19:45:14.644 +05:30][25341:25341][info ] Krisp SDK initialized
[2025-Jun-06 17:36:10.756 +05:30][48665:48665][info ] Logging initialized
[2025-Jun-06 17:36:10.756 +05:30][48665:48665][info ] Initializing krisp SDK...
[2025-Jun-06 17:36:10.756 +05:30][48665:48665][info ] DoKrispInitialize
[2025-Jun-06 17:36:11.435 +05:30][48665:48665][info ] LoadDynamicKrisp
[2025-Jun-06 17:36:11.435 +05:30][48665:48665][info ] Did not find KRISP_DYLIB_PATH, skipping dynamic loading
[2025-Jun-06 17:36:11.435 +05:30][48665:48665][info ] Initializing Krisp SDK in PID 48665, addr 0x7f7c5a18c820
[2025-Jun-06 17:36:11.800 +05:30][48665:48665][info ] Initialized Krisp SDK successfully
[2025-Jun-06 17:36:11.800 +05:30][48665:48665][info ] Krisp SDK initialized
[2025-Jun-09 23:01:52.815 +05:30][46411:46411][info ] Logging initialized
[2025-Jun-09 23:01:52.815 +05:30][46411:46411][info ] Initializing krisp SDK...
[2025-Jun-09 23:01:52.815 +05:30][46411:46411][info ] DoKrispInitialize
[2025-Jun-09 23:01:53.543 +05:30][46411:46411][info ] LoadDynamicKrisp
[2025-Jun-09 23:01:53.543 +05:30][46411:46411][info ] Did not find KRISP_DYLIB_PATH, skipping dynamic loading
[2025-Jun-09 23:01:53.543 +05:30][46411:46411][info ] Initializing Krisp SDK in PID 46411, addr 0x7f6a82d8c820
[2025-Jun-09 23:01:53.942 +05:30][46411:46411][info ] Initialized Krisp SDK successfully
[2025-Jun-09 23:01:53.942 +05:30][46411:46411][info ] Krisp SDK initialized
[2025-Jun-09 23:47:20.557 +05:30][46411:46442][info ] KrispNCSetup: sampleRate = 48000, duration = 10
[2025-Jun-09 23:47:20.558 +05:30][46411:46442][info ] Setting Krisp model: full_NC
[2025-Jun-09 23:47:20.605 +05:30][46411:46442][info ] KrispVADSetup: sampleRate = 48000, duration = 10
[2025-Jun-09 23:47:37.730 +05:30][46411:46433][info ] KrispVADReset
[2025-Jun-15 12:46:46.509 +05:30][12285:12285][info ] Logging initialized
[2025-Jun-15 12:46:46.509 +05:30][12285:12285][info ] Initializing krisp SDK...
[2025-Jun-15 12:46:46.509 +05:30][12285:12285][info ] DoKrispInitialize
[2025-Jun-15 12:46:47.442 +05:30][12285:12285][info ] LoadDynamicKrisp
[2025-Jun-15 12:46:47.442 +05:30][12285:12285][info ] Did not find KRISP_DYLIB_PATH, skipping dynamic loading
[2025-Jun-15 12:46:47.442 +05:30][12285:12285][info ] Initializing Krisp SDK in PID 12285, addr 0x7f08ecb8cf20
[2025-Jun-15 12:46:48.001 +05:30][12285:12285][info ] Initialized Krisp SDK successfully
[2025-Jun-15 12:46:48.001 +05:30][12285:12285][info ] Krisp SDK initialized
[2025-Jun-15 12:49:22.934 +05:30][12285:12372][info ] KrispNCSetup: sampleRate = 48000, duration = 10
[2025-Jun-15 12:49:22.934 +05:30][12285:12372][info ] Setting Krisp model: full_NC
[2025-Jun-15 12:49:22.980 +05:30][12285:12372][info ] KrispVADSetup: sampleRate = 48000, duration = 10
[2025-Jun-15 13:02:14.293 +05:30][12285:12363][info ] KrispVADReset
